#
# A fatal error has been detected by the Java Runtime Environment:
#
#  EXCEPTION_ACCESS_VIOLATION (0xc0000005) at pc=0x0000029ea3ef93d0, pid=32180, tid=29236
#
# JRE version: OpenJDK Runtime Environment (19.0+36) (build 19+36-2238)
# Java VM: OpenJDK 64-Bit Server VM (19+36-2238, mixed mode, sharing, tiered, compressed oops, compressed class ptrs, g1 gc, windows-amd64)
# Problematic frame:
# v  ~BufferBlob::MethodHandles adapters 0x0000029ea3ef93d0
#
# No core dump will be written. Minidumps are not enabled by default on client versions of Windows
#
# If you would like to submit a bug report, please visit:
#   https://bugreport.java.com/bugreport/crash.jsp
#

---------------  S U M M A R Y ------------

Command Line: -XX:+ShowCodeDetailsInExceptionMessages -agentlib:jdwp=transport=dt_socket,suspend=y,address=localhost:65097 -javaagent:C:\Users\Sathar\eclipse\configuration\org.eclipse.osgi\421\0\.cp\lib\javaagent-shaded.jar -Dfile.encoding=UTF-8 com.spring.rest.jpa.Springproj1exampleApplication

Host: 12th Gen Intel(R) Core(TM) i5-1235U, 12 cores, 15G,  Windows 11 , 64 bit Build 22000 (10.0.22000.1219)
Time: Tue Dec 13 21:16:59 2022 India Standard Time elapsed time: 8.603879 seconds (0d 0h 0m 8s)

---------------  T H R E A D  ---------------

Current thread (0x0000029ebd1a70d0):  JavaThread "restartedMain" [_thread_in_Java, id=29236, stack(0x000000ba72b00000,0x000000ba72c00000)]

Stack: [0x000000ba72b00000,0x000000ba72c00000],  sp=0x000000ba72bfe158,  free space=1016k
Native frames: (J=compiled Java code, j=interpreted, Vv=VM code, C=native code)
C  0x0000029ea3ef93d0


siginfo: EXCEPTION_ACCESS_VIOLATION (0xc0000005), reading address 0xffffffffffffffff


Registers:
RAX=0x0000029ea3eac11a, RBX=0xe0d9106b00000000, RCX=0x000000ba72bfe160, RDX=0x0000000000000002
RSP=0x000000ba72bfe158, RBP=0x000000ba72bfe1a8, RSI=0x0000029ec18a99e8, RDI=0x0000029ebfcb1c50
R8 =0x0000000000000004, R9 =0x0000000000000004, R10=0x0000000800000000, R11=0x00000008000d97f8
R12=0x0000000000000000, R13=0x000000ba72bfe158, R14=0x000000ba72bfe1c8, R15=0x0000029ebd1a70d0
RIP=0x0000029ea3ef93d0, EFLAGS=0x0000000000010202


Register to memory mapping:

RIP=0x0000029ea3ef93d0 is at begin+68 in a stub
MethodHandle::interpreter_entry::_linkToSpecial [0x0000029ea3ef938c, 0x0000029ea3ef93db] (79 bytes)
RAX=0x0000029ea3eac11a is at code_begin+3354 in an Interpreter codelet
return entry points  [0x0000029ea3eab400, 0x0000029ea3ead4d0]  8400 bytes
RBX=0xe0d9106b00000000 is an unknown value
RCX=0x000000ba72bfe160 is pointing into the stack for thread: 0x0000029ebd1a70d0
RDX=0x0000000000000002 is an unknown value
RSP=0x000000ba72bfe158 is pointing into the stack for thread: 0x0000029ebd1a70d0
RBP=0x000000ba72bfe1a8 is pointing into the stack for thread: 0x0000029ebd1a70d0
RSI=0x0000029ec18a99e8 points into unknown readable memory: 0x88000d03d47bdb79 | 79 db 7b d4 03 0d 00 88
RDI=0x0000029ebfcb1c50 points into unknown readable memory: 0x0000001800000070 | 70 00 00 00 18 00 00 00
R8 =0x0000000000000004 is an unknown value
R9 =0x0000000000000004 is an unknown value
R10=0x0000000800000000 is pointing into metadata
R11={method} {0x00000008000d9800} 'newInvokeSpecial' '(Ljava/lang/Object;)Ljava/lang/Object;' in 'java/lang/invoke/DirectMethodHandle$Holder'
R12=0x0 is NULL
R13=0x000000ba72bfe158 is pointing into the stack for thread: 0x0000029ebd1a70d0
R14=0x000000ba72bfe1c8 is pointing into the stack for thread: 0x0000029ebd1a70d0
R15=0x0000029ebd1a70d0 is a thread


Top of Stack: (sp=0x000000ba72bfe158)
0x000000ba72bfe158:   0000029ea3eac11a 000000ba72bfe160
0x000000ba72bfe168:   0000000800738bb7 000000ba72bfe1c8
0x000000ba72bfe178:   00000008000d4cc0 0000029eb8fc7038
0x000000ba72bfe188:   0000000704635ec0 00000008000d97f8
0x000000ba72bfe198:   000000ba72bfe158 000000ba72bfe1d0
0x000000ba72bfe1a8:   000000ba72bfe570 0000029e9cdec1c6
0x000000ba72bfe1b8:   0000000706c88260 0000000706c88308
0x000000ba72bfe1c8:   0000000706c882c0 0000000706c88290
0x000000ba72bfe1d8:   0000000000000000 0000000704c4abc0
0x000000ba72bfe1e8:   0001010100000001 0000000704c4abc0
0x000000ba72bfe1f8:   00000007fff11678 0000000706c88070
0x000000ba72bfe208:   000000ba72bfc8e0 000000ba72bfe570
0x000000ba72bfe218:   0000029e9c98b07c 0000029e00011550
0x000000ba72bfe228:   000000ba72bfcc20 000000ba72bfcc24
0x000000ba72bfe238:   000000ba72bfcb40 000000ba72bfda40
0x000000ba72bfe248:   000000ba72bfda44 0000029e00121610 

Instructions: (pc=0x0000029ea3ef93d0)
0x0000029ea3ef92d0:   bf f8 04 00 00 00 74 03 ff 63 38 ff 63 50 e9 1d
0x0000029ea3ef92e0:   ac fd ff 66 66 66 0f 1f 84 00 00 00 00 00 66 66
0x0000029ea3ef92f0:   66 90 66 66 0f 1f 84 00 00 00 00 00 66 66 66 90
0x0000029ea3ef9300:   48 8b 53 08 0f b7 52 2c 48 8b 0c d4 58 5b 50 44
0x0000029ea3ef9310:   8b 51 08 49 bb 00 00 00 00 08 00 00 00 4d 03 d3
0x0000029ea3ef9320:   4c 8b 5b 10 4b 8b 9c da b8 01 00 00 48 85 db 0f
0x0000029ea3ef9330:   84 10 00 00 00 41 80 bf f8 04 00 00 00 74 03 ff
0x0000029ea3ef9340:   63 38 ff 63 50 e9 b6 ab fd ff 66 66 66 0f 1f 84
0x0000029ea3ef9350:   00 00 00 00 00 66 66 66 90 0f 1f 80 00 00 00 00
0x0000029ea3ef9360:   58 5b 50 8b 5b 24 48 c1 e3 03 48 8b 5b 10 48 85
0x0000029ea3ef9370:   db 0f 84 10 00 00 00 41 80 bf f8 04 00 00 00 74
0x0000029ea3ef9380:   03 ff 63 38 ff 63 50 e9 74 ab fd ff 66 66 66 0f
0x0000029ea3ef9390:   1f 84 00 00 00 00 00 66 66 66 90 0f 1f 44 00 00
0x0000029ea3ef93a0:   48 8b 53 08 0f b7 52 2c 48 8b 0c d4 58 5b 50 48
0x0000029ea3ef93b0:   3b 01 8b 5b 24 48 c1 e3 03 48 8b 5b 10 48 85 db
0x0000029ea3ef93c0:   0f 84 10 00 00 00 41 80 bf f8 04 00 00 00 74 03
0x0000029ea3ef93d0:   ff 63 38 ff 63 50 e9 25 ab fd ff 0f 1f 44 00 00
0x0000029ea3ef93e0:   48 8b 53 08 0f b7 52 2c 48 8b 0c d4 58 5b 50 44
0x0000029ea3ef93f0:   8b 51 08 49 bb 00 00 00 00 08 00 00 00 4d 03 d3
0x0000029ea3ef9400:   8b 43 18 48 c1 e0 03 48 8b 40 10 48 8b 5b 10 45
0x0000029ea3ef9410:   8b 9a a0 00 00 00 4f 8d 9c da b8 01 00 00 4d 8d
0x0000029ea3ef9420:   14 da 49 8b 1b 48 3b c3 74 15 48 85 db 0f 84 32
0x0000029ea3ef9430:   00 00 00 49 83 c3 10 49 8b 1b 48 3b c3 75 eb 45
0x0000029ea3ef9440:   8b 5b 08 4b 8b 1c 1a 48 85 db 0f 84 10 00 00 00
0x0000029ea3ef9450:   41 80 bf f8 04 00 00 00 74 03 ff 63 38 ff 63 50
0x0000029ea3ef9460:   e9 9b aa fd ff e9 16 f8 ff ff f4 00 00 00 00 00
0x0000029ea3ef9470:   00 00 00 00 00 00 00 00 00 00 00 00 00 00 00 00
0x0000029ea3ef9480:   00 00 00 00 00 00 00 00 00 00 00 00 00 00 00 00
0x0000029ea3ef9490:   00 00 00 00 00 00 00 00 00 00 00 00 00 00 00 00
0x0000029ea3ef94a0:   00 00 00 00 00 00 00 00 00 00 00 00 00 00 00 00
0x0000029ea3ef94b0:   00 00 00 00 00 00 00 00 00 00 00 00 00 00 00 00
0x0000029ea3ef94c0:   00 00 00 00 00 00 00 00 00 00 00 00 00 00 00 00 


Stack slot to memory mapping:
stack at sp + 0 slots: 0x0000029ea3eac11a is at code_begin+3354 in an Interpreter codelet
return entry points  [0x0000029ea3eab400, 0x0000029ea3ead4d0]  8400 bytes
stack at sp + 1 slots: 0x000000ba72bfe160 is pointing into the stack for thread: 0x0000029ebd1a70d0
stack at sp + 2 slots: 0x0000000800738bb7 is pointing into metadata
stack at sp + 3 slots: 0x000000ba72bfe1c8 is pointing into the stack for thread: 0x0000029ebd1a70d0
stack at sp + 4 slots: 0x00000008000d4cc0 is pointing into metadata
stack at sp + 5 slots: 0x0000029eb8fc7038 is pointing into metadata
stack at sp + 6 slots: 0x0000000704635ec0 is an oop: java.lang.Class 
{0x0000000704635ec0} - klass: 'java/lang/Class'
 - ---- fields (total size 14 words):
 - private volatile transient 'classRedefinedCount' 'I' @12  0
 - abstract internal 'klass' 'J' @16  34360608928 (d48a0 8)
 - abstract internal 'array_klass' 'J' @24  0 (0 0)
 - abstract internal 'oop_size' 'I' @32  14 (e)
 - abstract internal 'static_oop_field_count' 'I' @36  0
 - private volatile transient 'cachedConstructor' 'Ljava/lang/reflect/Constructor;' @40  NULL (0)
 - private transient 'name' 'Ljava/lang/String;' @44  NULL (0)
 - private transient 'module' 'Ljava/lang/Module;' @48  a 'java/lang/Module'{0x000000070462bdf0} (e08c57be)
 - private final 'classLoader' 'Ljava/lang/ClassLoader;' @52  NULL (0)
 - private transient 'classData' 'Ljava/lang/Object;' @56  NULL (0)
 - private transient 'packageName' 'Ljava/lang/String;' @60  NULL (0)
 - private final 'componentType' 'Ljava/lang/Class;' @64  NULL (0)
 - private volatile transient 'reflectionData' 'Ljava/lang/ref/SoftReference;' @68  NULL (0)
 - private volatile transient 'genericInfo' 'Lsun/reflect/generics/repository/ClassRepository;' @72  NULL (0)
 - private volatile transient 'enumConstants' '[Ljava/lang/Object;' @76  NULL (0)
 - private volatile transient 'enumConstantDirectory' 'Ljava/util/Map;' @80  NULL (0)
 - private volatile transient 'annotationData' 'Ljava/lang/Class$AnnotationData;' @84  NULL (0)
 - private volatile transient 'annotationType' 'Lsun/reflect/annotation/AnnotationType;' @88  NULL (0)
 - transient 'classValueMap' 'Ljava/lang/ClassValue$ClassValueMap;' @92  NULL (0)
 - abstract internal 'protection_domain' 'Ljava/lang/Object;' @96  NULL (0)
 - abstract internal 'signers_name' 'Ljava/lang/Object;' @100  NULL (0)
 - abstract internal 'source_file' 'Ljava/lang/Object;' @104  NULL (0)
 - signature: Ljava/lang/invoke/DirectMethodHandle$Holder;
 - ---- static fields (0):
stack at sp + 7 slots: {method} {0x00000008000d9800} 'newInvokeSpecial' '(Ljava/lang/Object;)Ljava/lang/Object;' in 'java/lang/invoke/DirectMethodHandle$Holder'

MethodHandle::interpreter_entry::_linkToSpecial [0x0000029ea3ef938c, 0x0000029ea3ef93db] (79 bytes)
[MachCode]
  0x0000029ea3ef938c: 6666 660f | 1f84 0000 | 0000 0066 | 6666 900f | 1f44 0000 | 488b 5308 | 0fb7 522c | 488b 0cd4 
  0x0000029ea3ef93ac: 585b 5048 | 3b01 8b5b | 2448 c1e3 | 0348 8b5b | 1048 85db | 0f84 1000 | 0000 4180 | bff8 0400 
  0x0000029ea3ef93cc: 0000 7403 | ff63 38ff | 6350 e925 | 
[/MachCode]

---------------  P R O C E S S  ---------------

Threads class SMR info:
_java_thread_list=0x0000029ec1f2b830, length=25, elements={
0x0000029e94a075b0, 0x0000029eb785e910, 0x0000029eb785f440, 0x0000029eb7862520,
0x0000029eb7864e60, 0x0000029eb7865fa0, 0x0000029eb78668d0, 0x0000029eb7867530,
0x0000029ebc4503d0, 0x0000029ebc459880, 0x0000029eb782d790, 0x0000029ebc6d9eb0,
0x0000029ebc6daa30, 0x0000029ebc5dd070, 0x0000029ebcd2a180, 0x0000029ebcef5030,
0x0000029ebd1a6b90, 0x0000029ebd1a70d0, 0x0000029ebda79bc0, 0x0000029ebd2fbed0,
0x0000029ebd163f50, 0x0000029ebcf5a350, 0x0000029ebc5bb040, 0x0000029ebcfcd810,
0x0000029ec1af57e0
}

Java Threads: ( => current thread )
  0x0000029e94a075b0 JavaThread "main" [_thread_blocked, id=30032, stack(0x000000ba70b00000,0x000000ba70c00000)]
  0x0000029eb785e910 JavaThread "Reference Handler" daemon [_thread_blocked, id=27080, stack(0x000000ba71200000,0x000000ba71300000)]
  0x0000029eb785f440 JavaThread "Finalizer" daemon [_thread_blocked, id=5812, stack(0x000000ba71300000,0x000000ba71400000)]
  0x0000029eb7862520 JavaThread "Signal Dispatcher" daemon [_thread_blocked, id=4320, stack(0x000000ba71400000,0x000000ba71500000)]
  0x0000029eb7864e60 JavaThread "Attach Listener" daemon [_thread_blocked, id=32612, stack(0x000000ba71500000,0x000000ba71600000)]
  0x0000029eb7865fa0 JavaThread "Service Thread" daemon [_thread_blocked, id=19972, stack(0x000000ba71600000,0x000000ba71700000)]
  0x0000029eb78668d0 JavaThread "Monitor Deflation Thread" daemon [_thread_blocked, id=32272, stack(0x000000ba71700000,0x000000ba71800000)]
  0x0000029eb7867530 JavaThread "C2 CompilerThread0" daemon [_thread_blocked, id=33696, stack(0x000000ba71800000,0x000000ba71900000)]
  0x0000029ebc4503d0 JavaThread "C1 CompilerThread0" daemon [_thread_blocked, id=28992, stack(0x000000ba71900000,0x000000ba71a00000)]
  0x0000029ebc459880 JavaThread "Sweeper thread" daemon [_thread_blocked, id=31092, stack(0x000000ba71a00000,0x000000ba71b00000)]
  0x0000029eb782d790 JavaThread "Common-Cleaner" daemon [_thread_blocked, id=25316, stack(0x000000ba71b00000,0x000000ba71c00000)]
  0x0000029ebc6d9eb0 JavaThread "JDWP Transport Listener: dt_socket" daemon [_thread_blocked, id=29796, stack(0x000000ba71c00000,0x000000ba71d00000)]
  0x0000029ebc6daa30 JavaThread "JDWP Event Helper Thread" daemon [_thread_blocked, id=10700, stack(0x000000ba71d00000,0x000000ba71e00000)]
  0x0000029ebc5dd070 JavaThread "JDWP Command Reader" daemon [_thread_in_native, id=31576, stack(0x000000ba71e00000,0x000000ba71f00000)]
  0x0000029ebcd2a180 JavaThread "Notification Thread" daemon [_thread_blocked, id=2172, stack(0x000000ba71f00000,0x000000ba72000000)]
  0x0000029ebcef5030 JavaThread "C2 CompilerThread1" daemon [_thread_blocked, id=30368, stack(0x000000ba72100000,0x000000ba72200000)]
  0x0000029ebd1a6b90 JavaThread "Thread-0" [_thread_blocked, id=19404, stack(0x000000ba72a00000,0x000000ba72b00000)]
=>0x0000029ebd1a70d0 JavaThread "restartedMain" [_thread_in_Java, id=29236, stack(0x000000ba72b00000,0x000000ba72c00000)]
  0x0000029ebda79bc0 JavaThread "C2 CompilerThread2" daemon [_thread_blocked, id=33556, stack(0x000000ba72d00000,0x000000ba72e00000)]
  0x0000029ebd2fbed0 JavaThread "Catalina-utility-1" [_thread_blocked, id=21368, stack(0x000000ba73000000,0x000000ba73100000)]
  0x0000029ebd163f50 JavaThread "Catalina-utility-2" [_thread_blocked, id=32928, stack(0x000000ba73100000,0x000000ba73200000)]
  0x0000029ebcf5a350 JavaThread "container-0" [_thread_blocked, id=13660, stack(0x000000ba73200000,0x000000ba73300000)]
  0x0000029ebc5bb040 JavaThread "mysql-cj-abandoned-connection-cleanup" daemon [_thread_blocked, id=30168, stack(0x000000ba73300000,0x000000ba73400000)]
  0x0000029ebcfcd810 JavaThread "HikariPool-1 housekeeper" daemon [_thread_blocked, id=31248, stack(0x000000ba73500000,0x000000ba73600000)]
  0x0000029ec1af57e0 JavaThread "HikariPool-1 connection adder" daemon [_thread_blocked, id=29948, stack(0x000000ba73600000,0x000000ba73700000)]

Other Threads:
  0x0000029eb7842d30 VMThread "VM Thread" [stack: 0x000000ba71100000,0x000000ba71200000] [id=31076] _threads_hazard_ptr=0x0000029ec1f2b830
  0x0000029e94a08490 WatcherThread "VM Periodic Task Thread" [stack: 0x000000ba72000000,0x000000ba72100000] [id=21064]
  0x0000029e94a78040 WorkerThread "GC Thread#0" [stack: 0x000000ba70c00000,0x000000ba70d00000] [id=32436]
  0x0000029ebd1306d0 WorkerThread "GC Thread#1" [stack: 0x000000ba72200000,0x000000ba72300000] [id=32284]
  0x0000029ebd1309a0 WorkerThread "GC Thread#2" [stack: 0x000000ba72300000,0x000000ba72400000] [id=30868]
  0x0000029ebd130c70 WorkerThread "GC Thread#3" [stack: 0x000000ba72400000,0x000000ba72500000] [id=6380]
  0x0000029ebd05f870 WorkerThread "GC Thread#4" [stack: 0x000000ba72500000,0x000000ba72600000] [id=31592]
  0x0000029ebd154ea0 WorkerThread "GC Thread#5" [stack: 0x000000ba72600000,0x000000ba72700000] [id=2868]
  0x0000029ebd155170 WorkerThread "GC Thread#6" [stack: 0x000000ba72700000,0x000000ba72800000] [id=30100]
  0x0000029ebd155710 WorkerThread "GC Thread#7" [stack: 0x000000ba72800000,0x000000ba72900000] [id=27124]
  0x0000029ebd155cb0 WorkerThread "GC Thread#8" [stack: 0x000000ba72900000,0x000000ba72a00000] [id=31892]
  0x0000029ebd1559e0 WorkerThread "GC Thread#9" [stack: 0x000000ba72c00000,0x000000ba72d00000] [id=18040]
  0x0000029e94a89c10 ConcurrentGCThread "G1 Main Marker" [stack: 0x000000ba70d00000,0x000000ba70e00000] [id=32084]
  0x0000029e94a8a640 WorkerThread "G1 Conc#0" [stack: 0x000000ba70e00000,0x000000ba70f00000] [id=32376]
  0x0000029ebd154630 WorkerThread "G1 Conc#1" [stack: 0x000000ba72e00000,0x000000ba72f00000] [id=31212]
  0x0000029ebf1826f0 WorkerThread "G1 Conc#2" [stack: 0x000000ba72f00000,0x000000ba73000000] [id=33112]
  0x0000029eb76f83d0 ConcurrentGCThread "G1 Refine#0" [stack: 0x000000ba70f00000,0x000000ba71000000] [id=11988]
  0x0000029eb76f9bd0 ConcurrentGCThread "G1 Service" [stack: 0x000000ba71000000,0x000000ba71100000] [id=30700]

Threads with active compile tasks:

VM state: synchronizing (normal execution)

VM Mutex/Monitor currently owned by a thread:  ([mutex/lock_event])
[0x0000029e94a05770] Threads_lock - owner thread: 0x0000029eb7842d30

Heap address: 0x0000000704400000, size: 4028 MB, Compressed Oops mode: Zero based, Oop shift amount: 3

CDS archive(s) mapped at: [0x0000000800000000-0x0000000800c40000-0x0000000800c40000), size 12845056, SharedBaseAddress: 0x0000000800000000, ArchiveRelocationMode: 0.
Compressed class space mapped at: 0x0000000801000000-0x0000000841000000, reserved size: 1073741824
Narrow klass base: 0x0000000800000000, Narrow klass shift: 0, Narrow klass range: 0x100000000

GC Precious Log:
 CardTable entry size: 512
 Card Set container configuration: InlinePtr #cards 4 size 8 Array Of Cards #cards 8 size 32 Howl #buckets 8 coarsen threshold 3686 Howl Bitmap #cards 512 size 80 coarsen threshold 460 Card regions per heap region 1 cards per card region 4096
 CPUs: 12 total, 12 available
 Memory: 16108M
 Large Page Support: Disabled
 NUMA Support: Disabled
 Compressed Oops: Enabled (Zero based)
 Heap Region Size: 2M
 Heap Min Capacity: 8M
 Heap Initial Capacity: 252M
 Heap Max Capacity: 4028M
 Pre-touch: Disabled
 Parallel Workers: 10
 Concurrent Workers: 3
 Concurrent Refinement Workers: 10
 Periodic GC: Disabled

Heap:
 garbage-first heap   total 75776K, used 51034K [0x0000000704400000, 0x0000000800000000)
  region size 2048K, 16 young (32768K), 1 survivors (2048K)
 Metaspace       used 52205K, committed 52736K, reserved 1114112K
  class space    used 6724K, committed 6976K, reserved 1048576K

Heap Regions: E=young(eden), S=young(survivor), O=old, HS=humongous(starts), HC=humongous(continues), CS=collection set, F=free, OA=open archive, CA=closed archive, TAMS=top-at-mark-start (previous, next)
|   0|0x0000000704400000, 0x0000000704600000, 0x0000000704600000|100%| O|  |TAMS 0x0000000704600000, 0x0000000704400000| Untracked 
|   1|0x0000000704600000, 0x0000000704800000, 0x0000000704800000|100%| O|  |TAMS 0x0000000704800000, 0x0000000704600000| Untracked 
|   2|0x0000000704800000, 0x0000000704a00000, 0x0000000704a00000|100%| O|  |TAMS 0x0000000704a00000, 0x0000000704800000| Untracked 
|   3|0x0000000704a00000, 0x0000000704c00000, 0x0000000704c00000|100%| O|  |TAMS 0x0000000704a00000, 0x0000000704a00000| Untracked 
|   4|0x0000000704c00000, 0x0000000704e00000, 0x0000000704e00000|100%| O|  |TAMS 0x0000000704e00000, 0x0000000704c00000| Untracked 
|   5|0x0000000704e00000, 0x0000000704e00000, 0x0000000705000000|  0%| F|  |TAMS 0x0000000704e00000, 0x0000000704e00000| Untracked 
|   6|0x0000000705000000, 0x0000000705000000, 0x0000000705200000|  0%| F|  |TAMS 0x0000000705000000, 0x0000000705000000| Untracked 
|   7|0x0000000705200000, 0x0000000705200000, 0x0000000705400000|  0%| F|  |TAMS 0x0000000705200000, 0x0000000705200000| Untracked 
|   8|0x0000000705400000, 0x0000000705400000, 0x0000000705600000|  0%| F|  |TAMS 0x0000000705400000, 0x0000000705400000| Untracked 
|   9|0x0000000705600000, 0x0000000705800000, 0x0000000705800000|100%| O|  |TAMS 0x0000000705600000, 0x0000000705600000| Untracked 
|  10|0x0000000705800000, 0x0000000705a00000, 0x0000000705a00000|100%| O|  |TAMS 0x0000000705800000, 0x0000000705800000| Untracked 
|  11|0x0000000705a00000, 0x0000000705bdac00, 0x0000000705c00000| 92%| O|  |TAMS 0x0000000705a00000, 0x0000000705a00000| Untracked 
|  12|0x0000000705c00000, 0x0000000705c00000, 0x0000000705e00000|  0%| F|  |TAMS 0x0000000705c00000, 0x0000000705c00000| Untracked 
|  13|0x0000000705e00000, 0x0000000705e00000, 0x0000000706000000|  0%| F|  |TAMS 0x0000000705e00000, 0x0000000705e00000| Untracked 
|  14|0x0000000706000000, 0x00000007061fbf18, 0x0000000706200000| 99%| S|CS|TAMS 0x0000000706000000, 0x0000000706000000| Complete 
|  15|0x0000000706200000, 0x0000000706200000, 0x0000000706400000|  0%| F|  |TAMS 0x0000000706200000, 0x0000000706200000| Untracked 
|  16|0x0000000706400000, 0x0000000706400000, 0x0000000706600000|  0%| F|  |TAMS 0x0000000706400000, 0x0000000706400000| Untracked 
|  17|0x0000000706600000, 0x0000000706600000, 0x0000000706800000|  0%| F|  |TAMS 0x0000000706600000, 0x0000000706600000| Untracked 
|  18|0x0000000706800000, 0x0000000706800000, 0x0000000706a00000|  0%| F|  |TAMS 0x0000000706800000, 0x0000000706800000| Untracked 
|  19|0x0000000706a00000, 0x0000000706a00000, 0x0000000706c00000|  0%| F|  |TAMS 0x0000000706a00000, 0x0000000706a00000| Untracked 
|  20|0x0000000706c00000, 0x0000000706d39dc0, 0x0000000706e00000| 61%| E|  |TAMS 0x0000000706c00000, 0x0000000706c00000| Complete 
|  21|0x0000000706e00000, 0x0000000707000000, 0x0000000707000000|100%| E|CS|TAMS 0x0000000706e00000, 0x0000000706e00000| Complete 
|  22|0x0000000707000000, 0x0000000707200000, 0x0000000707200000|100%| E|CS|TAMS 0x0000000707000000, 0x0000000707000000| Complete 
|  23|0x0000000707200000, 0x0000000707400000, 0x0000000707400000|100%| E|CS|TAMS 0x0000000707200000, 0x0000000707200000| Complete 
|  24|0x0000000707400000, 0x0000000707600000, 0x0000000707600000|100%| E|CS|TAMS 0x0000000707400000, 0x0000000707400000| Complete 
|  25|0x0000000707600000, 0x0000000707800000, 0x0000000707800000|100%| E|CS|TAMS 0x0000000707600000, 0x0000000707600000| Complete 
|  26|0x0000000707800000, 0x0000000707a00000, 0x0000000707a00000|100%| E|CS|TAMS 0x0000000707800000, 0x0000000707800000| Complete 
|  27|0x0000000707a00000, 0x0000000707c00000, 0x0000000707c00000|100%| E|CS|TAMS 0x0000000707a00000, 0x0000000707a00000| Complete 
|  28|0x0000000707c00000, 0x0000000707e00000, 0x0000000707e00000|100%| E|CS|TAMS 0x0000000707c00000, 0x0000000707c00000| Complete 
|  29|0x0000000707e00000, 0x0000000708000000, 0x0000000708000000|100%| E|CS|TAMS 0x0000000707e00000, 0x0000000707e00000| Complete 
|  30|0x0000000708000000, 0x0000000708200000, 0x0000000708200000|100%| E|CS|TAMS 0x0000000708000000, 0x0000000708000000| Complete 
|  69|0x000000070ce00000, 0x000000070d000000, 0x000000070d000000|100%| E|CS|TAMS 0x000000070ce00000, 0x000000070ce00000| Complete 
|  70|0x000000070d000000, 0x000000070d200000, 0x000000070d200000|100%| E|CS|TAMS 0x000000070d000000, 0x000000070d000000| Complete 
|  71|0x000000070d200000, 0x000000070d400000, 0x000000070d400000|100%| E|CS|TAMS 0x000000070d200000, 0x000000070d200000| Complete 
| 125|0x0000000713e00000, 0x0000000714000000, 0x0000000714000000|100%| E|CS|TAMS 0x0000000713e00000, 0x0000000713e00000| Complete 
|2012|0x00000007ffc00000, 0x00000007ffe00000, 0x00000007ffe00000|100%| O|  |TAMS 0x00000007ffe00000, 0x00000007ffc00000| Untracked 
|2013|0x00000007ffe00000, 0x0000000800000000, 0x0000000800000000|100%| O|  |TAMS 0x0000000800000000, 0x00000007ffe00000| Untracked 

Card table byte_map: [0x0000029eac6c0000,0x0000029eacea0000] _byte_map_base: 0x0000029ea8e9e000

Marking Bits (Prev, Next): (CMBitMap*) 0x0000029e94a78670, (CMBitMap*) 0x0000029e94a786b0
 Prev Bits: [0x0000029ead680000, 0x0000029eb1570000)
 Next Bits: [0x0000029eb1570000, 0x0000029eb5460000)

Polling page: 0x0000029e929e0000

Metaspace:

Usage:
  Non-class:     44.42 MB used.
      Class:      6.57 MB used.
       Both:     50.98 MB used.

Virtual space:
  Non-class space:       64.00 MB reserved,      44.69 MB ( 70%) committed,  1 nodes.
      Class space:        1.00 GB reserved,       6.81 MB ( <1%) committed,  1 nodes.
             Both:        1.06 GB reserved,      51.50 MB (  5%) committed. 

Chunk freelists:
   Non-Class:  3.28 MB
       Class:  1.10 MB
        Both:  4.38 MB

MaxMetaspaceSize: unlimited
CompressedClassSpaceSize: 1.00 GB
Initial GC threshold: 21.00 MB
Current GC threshold: 58.69 MB
CDS: on
MetaspaceReclaimPolicy: balanced
 - commit_granule_bytes: 65536.
 - commit_granule_words: 8192.
 - virtual_space_node_default_size: 8388608.
 - enlarge_chunks_in_place: 1.
 - new_chunks_are_fully_committed: 0.
 - uncommit_free_chunks: 1.
 - use_allocation_guard: 0.


Internal statistics:

num_allocs_failed_limit: 6.
num_arena_births: 720.
num_arena_deaths: 0.
num_vsnodes_births: 2.
num_vsnodes_deaths: 0.
num_space_committed: 824.
num_space_uncommitted: 0.
num_chunks_returned_to_freelist: 6.
num_chunks_taken_from_freelist: 2524.
num_chunk_merges: 6.
num_chunk_splits: 1841.
num_chunks_enlarged: 1504.
num_inconsistent_stats: 0.

CodeHeap 'non-profiled nmethods': size=120000Kb used=3578Kb max_used=3578Kb free=116421Kb
 bounds [0x0000029ea4430000, 0x0000029ea47b0000, 0x0000029eab960000]
CodeHeap 'profiled nmethods': size=120000Kb used=9506Kb max_used=9513Kb free=110494Kb
 bounds [0x0000029e9c960000, 0x0000029e9d2c0000, 0x0000029ea3e90000]
CodeHeap 'non-nmethods': size=5760Kb used=1454Kb max_used=1509Kb free=4305Kb
 bounds [0x0000029ea3e90000, 0x0000029ea4100000, 0x0000029ea4430000]
 total_blobs=5005 nmethods=4376 adapters=539
 compilation: enabled
              stopped_count=0, restarted_count=0
 full_count=0

Compilation events (20 events):
Event: 4.500 Thread 0x0000029ebc4503d0 5066       1       java.time.temporal.ValueRange::getMinimum (5 bytes)
Event: 4.500 Thread 0x0000029ebc4503d0 nmethod 5066 0x0000029ea47ab410 code [0x0000029ea47ab5a0, 0x0000029ea47ab658]
Event: 4.500 Thread 0x0000029ebc4503d0 5067       1       java.time.temporal.ValueRange::getMaximum (5 bytes)
Event: 4.500 Thread 0x0000029ebc4503d0 nmethod 5067 0x0000029ea47ab710 code [0x0000029ea47ab8a0, 0x0000029ea47ab958]
Event: 4.508 Thread 0x0000029ebcef5030 5068   !   4       java.lang.ref.ReferenceQueue::poll (40 bytes)
Event: 4.508 Thread 0x0000029ebda79bc0 5069       4       java.util.HashMap::computeIfAbsent (330 bytes)
Event: 4.508 Thread 0x0000029ebc4503d0 5070       3       java.lang.Integer::stringSize (47 bytes)
Event: 4.508 Thread 0x0000029ebc4503d0 nmethod 5070 0x0000029e9cf5f890 code [0x0000029e9cf5fa40, 0x0000029e9cf5fc98]
Event: 4.509 Thread 0x0000029eb7867530 5071       4       java.lang.invoke.MethodType::genericMethodType (95 bytes)
Event: 4.509 Thread 0x0000029ebcef5030 nmethod 5068 0x0000029ea47aba10 code [0x0000029ea47abbc0, 0x0000029ea47abd30]
Event: 4.511 Thread 0x0000029ebc4503d0 5072       3       org.springframework.beans.factory.support.AbstractBeanFactory$$Lambda$484/0x0000000801300f40::accept (16 bytes)
Event: 4.511 Thread 0x0000029ebc4503d0 nmethod 5072 0x0000029e9cf5ee10 code [0x0000029e9cf5f000, 0x0000029e9cf5f688]
Event: 4.511 Thread 0x0000029ebc4503d0 5073   !   3       java.util.concurrent.ConcurrentHashMap::clear (176 bytes)
Event: 4.512 Thread 0x0000029ebc4503d0 nmethod 5073 0x0000029e9cfbf410 code [0x0000029e9cfbf660, 0x0000029e9cfc00e8]
Event: 4.512 Thread 0x0000029ebcef5030 5074       4       org.springframework.core.annotation.TypeMappedAnnotations::get (8 bytes)
Event: 4.512 Thread 0x0000029ebcef5030 nmethod 5074 0x0000029ea47abf10 code [0x0000029ea47ac0a0, 0x0000029ea47ac148]
Event: 4.515 Thread 0x0000029eb7867530 nmethod 5071 0x0000029ea47ac210 code [0x0000029ea47ac3e0, 0x0000029ea47acd88]
Event: 4.519 Thread 0x0000029ebc4503d0 5075       1       java.lang.reflect.ProxyGenerator::getClassLoader (5 bytes)
Event: 4.519 Thread 0x0000029ebc4503d0 nmethod 5075 0x0000029ea47ad010 code [0x0000029ea47ad1a0, 0x0000029ea47ad278]
Event: 4.520 Thread 0x0000029ebda79bc0 nmethod 5069 0x0000029ea47ad310 code [0x0000029ea47ad500, 0x0000029ea47ae3a8]

GC Heap History (20 events):
Event: 1.858 GC heap before
{Heap before GC invocations=2 (full 0):
 garbage-first heap   total 258048K, used 146535K [0x0000000704400000, 0x0000000800000000)
  region size 2048K, 71 young (145408K), 1 survivors (2048K)
 Metaspace       used 21184K, committed 21504K, reserved 1114112K
  class space    used 2390K, committed 2560K, reserved 1048576K
}
Event: 1.861 GC heap after
{Heap after GC invocations=3 (full 0):
 garbage-first heap   total 258048K, used 12097K [0x0000000704400000, 0x0000000800000000)
  region size 2048K, 3 young (6144K), 3 survivors (6144K)
 Metaspace       used 21184K, committed 21504K, reserved 1114112K
  class space    used 2390K, committed 2560K, reserved 1048576K
}
Event: 2.195 GC heap before
{Heap before GC invocations=4 (full 0):
 garbage-first heap   total 55296K, used 48961K [0x0000000704400000, 0x0000000800000000)
  region size 2048K, 21 young (43008K), 3 survivors (6144K)
 Metaspace       used 23513K, committed 23808K, reserved 1114112K
  class space    used 2721K, committed 2880K, reserved 1048576K
}
Event: 2.199 GC heap after
{Heap after GC invocations=5 (full 0):
 garbage-first heap   total 59392K, used 13562K [0x0000000704400000, 0x0000000800000000)
  region size 2048K, 1 young (2048K), 1 survivors (2048K)
 Metaspace       used 23513K, committed 23808K, reserved 1114112K
  class space    used 2721K, committed 2880K, reserved 1048576K
}
Event: 2.223 GC heap before
{Heap before GC invocations=5 (full 0):
 garbage-first heap   total 59392K, used 15610K [0x0000000704400000, 0x0000000800000000)
  region size 2048K, 2 young (4096K), 1 survivors (2048K)
 Metaspace       used 23627K, committed 23936K, reserved 1114112K
  class space    used 2737K, committed 2880K, reserved 1048576K
}
Event: 2.225 GC heap after
{Heap after GC invocations=6 (full 0):
 garbage-first heap   total 59392K, used 14246K [0x0000000704400000, 0x0000000800000000)
  region size 2048K, 1 young (2048K), 1 survivors (2048K)
 Metaspace       used 23627K, committed 23936K, reserved 1114112K
  class space    used 2737K, committed 2880K, reserved 1048576K
}
Event: 2.505 GC heap before
{Heap before GC invocations=6 (full 0):
 garbage-first heap   total 59392K, used 38822K [0x0000000704400000, 0x0000000800000000)
  region size 2048K, 14 young (28672K), 1 survivors (2048K)
 Metaspace       used 26021K, committed 26432K, reserved 1114112K
  class space    used 3098K, committed 3264K, reserved 1048576K
}
Event: 2.507 GC heap after
{Heap after GC invocations=7 (full 0):
 garbage-first heap   total 159744K, used 15565K [0x0000000704400000, 0x0000000800000000)
  region size 2048K, 1 young (2048K), 1 survivors (2048K)
 Metaspace       used 26021K, committed 26432K, reserved 1114112K
  class space    used 3098K, committed 3264K, reserved 1048576K
}
Event: 3.399 GC heap before
{Heap before GC invocations=7 (full 0):
 garbage-first heap   total 159744K, used 107725K [0x0000000704400000, 0x0000000800000000)
  region size 2048K, 46 young (94208K), 1 survivors (2048K)
 Metaspace       used 34865K, committed 35328K, reserved 1114112K
  class space    used 4273K, committed 4480K, reserved 1048576K
}
Event: 3.404 GC heap after
{Heap after GC invocations=8 (full 0):
 garbage-first heap   total 159744K, used 19492K [0x0000000704400000, 0x0000000800000000)
  region size 2048K, 3 young (6144K), 3 survivors (6144K)
 Metaspace       used 34865K, committed 35328K, reserved 1114112K
  class space    used 4273K, committed 4480K, reserved 1048576K
}
Event: 3.445 GC heap before
{Heap before GC invocations=8 (full 0):
 garbage-first heap   total 159744K, used 25636K [0x0000000704400000, 0x0000000800000000)
  region size 2048K, 7 young (14336K), 3 survivors (6144K)
 Metaspace       used 35491K, committed 35968K, reserved 1114112K
  class space    used 4374K, committed 4608K, reserved 1048576K
}
Event: 3.449 GC heap after
{Heap after GC invocations=9 (full 0):
 garbage-first heap   total 159744K, used 19488K [0x0000000704400000, 0x0000000800000000)
  region size 2048K, 3 young (6144K), 3 survivors (6144K)
 Metaspace       used 35491K, committed 35968K, reserved 1114112K
  class space    used 4374K, committed 4608K, reserved 1048576K
}
Event: 3.768 GC heap before
{Heap before GC invocations=10 (full 0):
 garbage-first heap   total 75776K, used 66592K [0x0000000704400000, 0x0000000800000000)
  region size 2048K, 26 young (53248K), 3 survivors (6144K)
 Metaspace       used 40657K, committed 41216K, reserved 1114112K
  class space    used 5008K, committed 5248K, reserved 1048576K
}
Event: 3.772 GC heap after
{Heap after GC invocations=11 (full 0):
 garbage-first heap   total 75776K, used 21362K [0x0000000704400000, 0x0000000800000000)
  region size 2048K, 3 young (6144K), 3 survivors (6144K)
 Metaspace       used 40657K, committed 41216K, reserved 1114112K
  class space    used 5008K, committed 5248K, reserved 1048576K
}
Event: 3.796 GC heap before
{Heap before GC invocations=11 (full 0):
 garbage-first heap   total 75776K, used 23410K [0x0000000704400000, 0x0000000800000000)
  region size 2048K, 4 young (8192K), 3 survivors (6144K)
 Metaspace       used 40862K, committed 41408K, reserved 1114112K
  class space    used 5044K, committed 5312K, reserved 1048576K
}
Event: 3.799 GC heap after
{Heap after GC invocations=12 (full 0):
 garbage-first heap   total 75776K, used 21294K [0x0000000704400000, 0x0000000800000000)
  region size 2048K, 1 young (2048K), 1 survivors (2048K)
 Metaspace       used 40862K, committed 41408K, reserved 1114112K
  class space    used 5044K, committed 5312K, reserved 1048576K
}
Event: 4.097 GC heap before
{Heap before GC invocations=12 (full 0):
 garbage-first heap   total 75776K, used 56110K [0x0000000704400000, 0x0000000800000000)
  region size 2048K, 19 young (38912K), 1 survivors (2048K)
 Metaspace       used 44482K, committed 45056K, reserved 1114112K
  class space    used 5523K, committed 5760K, reserved 1048576K
}
Event: 4.099 GC heap after
{Heap after GC invocations=13 (full 0):
 garbage-first heap   total 75776K, used 21927K [0x0000000704400000, 0x0000000800000000)
  region size 2048K, 1 young (2048K), 1 survivors (2048K)
 Metaspace       used 44482K, committed 45056K, reserved 1114112K
  class space    used 5523K, committed 5760K, reserved 1048576K
}
Event: 4.356 GC heap before
{Heap before GC invocations=13 (full 0):
 garbage-first heap   total 75776K, used 58791K [0x0000000704400000, 0x0000000800000000)
  region size 2048K, 20 young (40960K), 1 survivors (2048K)
 Metaspace       used 49099K, committed 49600K, reserved 1114112K
  class space    used 6294K, committed 6528K, reserved 1048576K
}
Event: 4.358 GC heap after
{Heap after GC invocations=14 (full 0):
 garbage-first heap   total 75776K, used 22362K [0x0000000704400000, 0x0000000800000000)
  region size 2048K, 1 young (2048K), 1 survivors (2048K)
 Metaspace       used 49099K, committed 49600K, reserved 1114112K
  class space    used 6294K, committed 6528K, reserved 1048576K
}

Dll operation events (13 events):
Event: 0.012 Loaded shared library C:\sws\openjdk-19+36_windows-x64_bin\jdk-19\bin\java.dll
Event: 0.019 Loaded shared library C:\sws\openjdk-19+36_windows-x64_bin\jdk-19\bin\jsvml.dll
Event: 0.110 Loaded shared library C:\sws\openjdk-19+36_windows-x64_bin\jdk-19\bin\zip.dll
Event: 0.115 Loaded shared library C:\sws\openjdk-19+36_windows-x64_bin\jdk-19\bin\instrument.dll
Event: 0.118 Loaded shared library C:\sws\openjdk-19+36_windows-x64_bin\jdk-19\bin\net.dll
Event: 0.119 Loaded shared library C:\sws\openjdk-19+36_windows-x64_bin\jdk-19\bin\nio.dll
Event: 0.124 Loaded shared library C:\sws\openjdk-19+36_windows-x64_bin\jdk-19\bin\zip.dll
Event: 0.416 Loaded shared library C:\sws\openjdk-19+36_windows-x64_bin\jdk-19\bin\jimage.dll
Event: 0.446 Loaded shared library C:\sws\openjdk-19+36_windows-x64_bin\jdk-19\bin\verify.dll
Event: 0.684 Loaded shared library C:\sws\openjdk-19+36_windows-x64_bin\jdk-19\bin\management.dll
Event: 0.685 Loaded shared library C:\sws\openjdk-19+36_windows-x64_bin\jdk-19\bin\management_ext.dll
Event: 2.794 Loaded shared library C:\sws\openjdk-19+36_windows-x64_bin\jdk-19\bin\sunmscapi.dll
Event: 3.663 Loaded shared library C:\sws\openjdk-19+36_windows-x64_bin\jdk-19\bin\extnet.dll

Deoptimization events (20 events):
Event: 4.513 Thread 0x0000029ebd1a70d0 DEOPT PACKING pc=0x0000029e9d203fd4 sp=0x000000ba72bfddf0
Event: 4.513 Thread 0x0000029ebd1a70d0 DEOPT UNPACKING pc=0x0000029ea3ef7543 sp=0x000000ba72bfd2b0 mode 1
Event: 4.517 Thread 0x0000029ebd1a70d0 DEOPT PACKING pc=0x0000029e9ce0ce29 sp=0x000000ba72bfd350
Event: 4.517 Thread 0x0000029ebd1a70d0 DEOPT UNPACKING pc=0x0000029ea3ef7543 sp=0x000000ba72bfc828 mode 1
Event: 4.517 Thread 0x0000029ebd1a70d0 DEOPT PACKING pc=0x0000029e9ce0b7cc sp=0x000000ba72bfd3e0
Event: 4.517 Thread 0x0000029ebd1a70d0 DEOPT UNPACKING pc=0x0000029ea3ef7543 sp=0x000000ba72bfc980 mode 1
Event: 4.517 Thread 0x0000029ebd1a70d0 DEOPT PACKING pc=0x0000029e9ce08dac sp=0x000000ba72bfd540
Event: 4.517 Thread 0x0000029ebd1a70d0 DEOPT UNPACKING pc=0x0000029ea3ef7543 sp=0x000000ba72bfcae0 mode 1
Event: 8.547 Thread 0x0000029ebd1a70d0 DEOPT PACKING pc=0x0000029e9cec0894 sp=0x000000ba72bfe160
Event: 8.547 Thread 0x0000029ebd1a70d0 DEOPT UNPACKING pc=0x0000029ea3ef7543 sp=0x000000ba72bfd618 mode 0
Event: 8.555 Thread 0x0000029ebc6d9eb0 Uncommon trap: trap_request=0xffffff45 fr.pc=0x0000029ea4732234 relative=0x0000000000000114
Event: 8.555 Thread 0x0000029ebc6d9eb0 Uncommon trap: reason=unstable_if action=reinterpret pc=0x0000029ea4732234 method=sun.instrument.InstrumentationImpl.transform(Ljava/lang/Module;Ljava/lang/ClassLoader;Ljava/lang/String;Ljava/lang/Class;Ljava/security/ProtectionDomain;[BZ)[B @ 24 c2
Event: 8.556 Thread 0x0000029ebc6d9eb0 DEOPT PACKING pc=0x0000029ea4732234 sp=0x000000ba71cfe4f0
Event: 8.556 Thread 0x0000029ebc6d9eb0 DEOPT UNPACKING pc=0x0000029ea3ef6da3 sp=0x000000ba71cfe478 mode 2
Event: 8.556 Thread 0x0000029ebc6d9eb0 DEOPT PACKING pc=0x0000029e9ce0ce29 sp=0x000000ba71cfb1b0
Event: 8.556 Thread 0x0000029ebc6d9eb0 DEOPT UNPACKING pc=0x0000029ea3ef7543 sp=0x000000ba71cfa688 mode 1
Event: 8.556 Thread 0x0000029ebc6d9eb0 DEOPT PACKING pc=0x0000029e9ce0b7cc sp=0x000000ba71cfb240
Event: 8.556 Thread 0x0000029ebc6d9eb0 DEOPT UNPACKING pc=0x0000029ea3ef7543 sp=0x000000ba71cfa7e0 mode 1
Event: 8.556 Thread 0x0000029ebc6d9eb0 DEOPT PACKING pc=0x0000029e9ce08dac sp=0x000000ba71cfb3a0
Event: 8.556 Thread 0x0000029ebc6d9eb0 DEOPT UNPACKING pc=0x0000029ea3ef7543 sp=0x000000ba71cfa940 mode 1

Classes loaded (20 events):
Event: 4.080 Loading class java/util/concurrent/CancellationException
Event: 4.080 Loading class java/util/concurrent/CancellationException done
Event: 4.269 Loading class java/util/ArrayList$ListItr
Event: 4.269 Loading class java/util/ArrayList$ListItr done
Event: 4.310 Loading class java/util/AbstractList$SubList
Event: 4.310 Loading class java/util/AbstractList$SubList done
Event: 4.355 Loading class java/lang/reflect/AnnotatedArrayType
Event: 4.356 Loading class java/lang/reflect/AnnotatedArrayType done
Event: 4.383 Loading class java/lang/foreign/ValueLayout
Event: 4.383 Loading class java/lang/foreign/MemoryLayout
Event: 4.383 Loading class java/lang/foreign/MemoryLayout done
Event: 4.383 Loading class java/lang/foreign/AbstractLayout
Event: 4.383 Loading class java/lang/foreign/AbstractLayout done
Event: 4.384 Loading class java/lang/foreign/ValueLayout done
Event: 4.478 Loading class java/util/TimerTask
Event: 4.478 Loading class java/util/TimerTask done
Event: 4.506 Loading class javax/naming/Reference
Event: 4.507 Loading class javax/naming/Reference done
Event: 4.519 Loading class java/lang/invoke/WrongMethodTypeException
Event: 4.519 Loading class java/lang/invoke/WrongMethodTypeException done

Classes unloaded (0 events):
No events

Classes redefined (1 events):
Event: 8.565 Thread 0x0000029eb7842d30 redefined class name=com.spring.rest.jpa.controller.EmployeeController, count=1

Internal exceptions (20 events):
Event: 2.953 Thread 0x0000029ebd1a70d0 Exception <a 'java/lang/IncompatibleClassChangeError'{0x000000070b3f7160}: Found class java.lang.Object, but interface was expected> (0x000000070b3f7160) 
thrown [s\open\src\hotspot\share\interpreter\linkResolver.cpp, line 841]
Event: 2.956 Thread 0x0000029ebd1a70d0 Exception <a 'java/lang/IncompatibleClassChangeError'{0x000000070b041d08}: Found class java.lang.Object, but interface was expected> (0x000000070b041d08) 
thrown [s\open\src\hotspot\share\interpreter\linkResolver.cpp, line 841]
Event: 2.984 Thread 0x0000029ebd1a70d0 Exception <a 'java/lang/NoSuchMethodError'{0x000000070ae9d1d8}: 'java.lang.Object java.lang.invoke.DirectMethodHandle$Holder.invokeVirtual(java.lang.Object, java.lang.Object, java.lang.Object, java.lang.Object, java.lang.Object, java.lang.Object)'> (0x000000070ae9d1d8) 
thrown [s\open\src\hotspot\share\interpreter\linkResolver.cpp, line 774]
Event: 3.044 Thread 0x0000029ebd1a70d0 Exception <a 'java/lang/NoSuchMethodError'{0x000000070a805d90}: 'long java.lang.invoke.DirectMethodHandle$Holder.invokeVirtual(java.lang.Object, java.lang.Object)'> (0x000000070a805d90) 
thrown [s\open\src\hotspot\share\interpreter\linkResolver.cpp, line 774]
Event: 3.049 Thread 0x0000029ebd1a70d0 Exception <a 'java/io/FileNotFoundException'{0x000000070a8761e8}> (0x000000070a8761e8) 
thrown [s\open\src\hotspot\share\prims\jni.cpp, line 517]
Event: 3.128 Thread 0x0000029ebd1a70d0 Exception <a 'java/lang/NoSuchMethodError'{0x000000070a3681d8}: 'java.lang.Object java.lang.invoke.DirectMethodHandle$Holder.newInvokeSpecial(java.lang.Object, java.lang.Object, java.lang.Object, java.lang.Object, java.lang.Object, java.lang.Object, java.lang.Object, java.lang.Object, java.lang.Object, java.lang.Object, java.lang.Object)'> (0x000000070a3681d8) 
thrown [s\open\src\hotspot\share\interpreter\linkResolver.cpp, line 774]
Event: 3.210 Thread 0x0000029ebd1a70d0 Exception <a 'java/lang/NoSuchMethodError'{0x0000000709aeafb0}: 'void java.lang.invoke.DelegatingMethodHandle$Holder.reinvoke_L(java.lang.Object, java.lang.Object, java.lang.Object, java.lang.Object, int, java.lang.Object, java.lang.Object, java.lang.Object)'> (0x0000000709aeafb0) 
thrown [s\open\src\hotspot\share\interpreter\linkResolver.cpp, line 774]
Event: 3.740 Thread 0x0000029ebd1a70d0 Implicit null exception at 0x0000029ea4452b33 to 0x0000029ea4452c74
Event: 3.918 Thread 0x0000029ebd1a70d0 Exception <a 'java/lang/NoSuchMethodError'{0x000000070794ed50}: 'java.lang.Object java.lang.invoke.DirectMethodHandle$Holder.newInvokeSpecial(java.lang.Object, java.lang.Object, java.lang.Object, int)'> (0x000000070794ed50) 
thrown [s\open\src\hotspot\share\interpreter\linkResolver.cpp, line 774]
Event: 3.918 Thread 0x0000029ebd1a70d0 Exception <a 'java/lang/NoSuchMethodError'{0x0000000707952e70}: 'java.lang.Object java.lang.invoke.DirectMethodHandle$Holder.invokeSpecial(java.lang.Object, java.lang.Object, java.lang.Object, java.lang.Object, int)'> (0x0000000707952e70) 
thrown [s\open\src\hotspot\share\interpreter\linkResolver.cpp, line 774]
Event: 3.918 Thread 0x0000029ebd1a70d0 Exception <a 'java/lang/NoSuchMethodError'{0x0000000707956588}: 'java.lang.Object java.lang.invoke.Invokers$Holder.linkToTargetMethod(java.lang.Object, java.lang.Object, int, java.lang.Object)'> (0x0000000707956588) 
thrown [s\open\src\hotspot\share\interpreter\linkResolver.cpp, line 774]
Event: 4.151 Thread 0x0000029ebd1a70d0 Exception <a 'java/lang/NoSuchMethodError'{0x000000070803e530}: 'java.lang.Object java.lang.invoke.DirectMethodHandle$Holder.invokeStatic(java.lang.Object, java.lang.Object, int, java.lang.Object)'> (0x000000070803e530) 
thrown [s\open\src\hotspot\share\interpreter\linkResolver.cpp, line 774]
Event: 4.151 Thread 0x0000029ebd1a70d0 Exception <a 'java/lang/NoSuchMethodError'{0x0000000708041fd0}: 'java.lang.Object java.lang.invoke.DirectMethodHandle$Holder.invokeStaticInit(java.lang.Object, java.lang.Object, int, java.lang.Object)'> (0x0000000708041fd0) 
thrown [s\open\src\hotspot\share\interpreter\linkResolver.cpp, line 774]
Event: 4.164 Thread 0x0000029ebd1a70d0 Exception <a 'java/lang/IncompatibleClassChangeError'{0x0000000707f7c350}: Found class java.lang.Object, but interface was expected> (0x0000000707f7c350) 
thrown [s\open\src\hotspot\share\interpreter\linkResolver.cpp, line 841]
Event: 4.428 Thread 0x0000029ebd1a70d0 Exception <a 'java/lang/NoSuchMethodError'{0x0000000707cc7ed0}: 'void java.lang.invoke.DirectMethodHandle$Holder.invokeSpecial(java.lang.Object, java.lang.Object, java.lang.Object, java.lang.Object, java.lang.Object, java.lang.Object, java.lang.Object, java.lang.Object)'> (0x0000000707cc7ed0) 
thrown [s\open\src\hotspot\share\interpreter\linkResolver.cpp, line 774]
Event: 4.430 Thread 0x0000029ebd1a70d0 Exception <a 'java/lang/NoSuchMethodError'{0x0000000707cfabd8}: 'java.lang.Object java.lang.invoke.DirectMethodHandle$Holder.newInvokeSpecial(java.lang.Object, java.lang.Object, java.lang.Object, java.lang.Object, java.lang.Object, java.lang.Object, java.lang.Object, int)'> (0x0000000707cfabd8) 
thrown [s\open\src\hotspot\share\interpreter\linkResolver.cpp, line 774]
Event: 4.430 Thread 0x0000029ebd1a70d0 Exception <a 'java/lang/NoSuchMethodError'{0x0000000707cffbe8}: 'java.lang.Object java.lang.invoke.DirectMethodHandle$Holder.invokeSpecial(java.lang.Object, java.lang.Object, java.lang.Object, java.lang.Object, java.lang.Object, java.lang.Object, java.lang.Object, java.lang.Object, int)'> (0x0000000707cffbe8) 
thrown [s\open\src\hotspot\share\interpreter\linkResolver.cpp, line 774]
Event: 4.445 Thread 0x0000029ebd1a70d0 Exception <a 'java/lang/NoSuchMethodError'{0x00000007078beda8}: 'void java.lang.invoke.DirectMethodHandle$Holder.invokeInterface(java.lang.Object, java.lang.Object)'> (0x00000007078beda8) 
thrown [s\open\src\hotspot\share\interpreter\linkResolver.cpp, line 774]
Event: 4.463 Thread 0x0000029ebd1a70d0 Exception <a 'java/lang/NoSuchMethodError'{0x00000007074d4a70}: 'java.lang.Object java.lang.invoke.DirectMethodHandle$Holder.newInvokeSpecial(java.lang.Object, java.lang.Object, java.lang.Object, java.lang.Object, java.lang.Object, java.lang.Object, java.lang.Object)'> (0x00000007074d4a70) 
thrown [s\open\src\hotspot\share\interpreter\linkResolver.cpp, line 774]
Event: 4.512 Thread 0x0000029ebd1a70d0 Exception <a 'java/lang/NoSuchMethodError'{0x0000000706c25338}: 'void java.lang.invoke.Invokers$Holder.invokeExact_MT(java.lang.Object, java.lang.Object, java.lang.Object, java.lang.Object)'> (0x0000000706c25338) 
thrown [s\open\src\hotspot\share\interpreter\linkResolver.cpp, line 774]

VM Operations (20 events):
Event: 4.588 Executing VM operation: get/set locals
Event: 4.588 Executing VM operation: get/set locals done
Event: 4.588 Executing VM operation: get/set locals
Event: 4.588 Executing VM operation: get/set locals done
Event: 4.588 Executing VM operation: get/set locals
Event: 4.588 Executing VM operation: get/set locals done
Event: 4.589 Executing VM operation: get/set locals
Event: 4.589 Executing VM operation: get/set locals done
Event: 8.546 Executing VM operation: ChangeSingleStep
Event: 8.547 Executing VM operation: ChangeSingleStep done
Event: 8.547 Executing VM operation: ChangeSingleStep
Event: 8.547 Executing VM operation: ChangeSingleStep done
Event: 8.557 Executing VM operation: RedefineClasses
Event: 8.576 Executing VM operation: RedefineClasses done
Event: 8.586 Executing VM operation: ChangeBreakpoints
Event: 8.586 Executing VM operation: ChangeBreakpoints done
Event: 8.597 Executing VM operation: ChangeBreakpoints
Event: 8.598 Executing VM operation: ChangeBreakpoints done
Event: 8.600 Executing VM operation: ChangeSingleStep
Event: 8.600 Executing VM operation: ChangeSingleStep done

Events (20 events):
Event: 2.726 Thread 0x0000029ebc459880 flushing nmethod 0x0000029e9d15a610
Event: 2.726 Thread 0x0000029ebc459880 flushing nmethod 0x0000029e9d15d590
Event: 2.726 Thread 0x0000029ebc459880 flushing nmethod 0x0000029e9d16bb90
Event: 2.726 Thread 0x0000029ebc459880 flushing nmethod 0x0000029e9d186210
Event: 2.726 Thread 0x0000029ebc459880 flushing nmethod 0x0000029e9d190510
Event: 2.726 Thread 0x0000029ebc459880 flushing nmethod 0x0000029e9d1a5710
Event: 2.726 Thread 0x0000029ebc459880 flushing nmethod 0x0000029e9d1a7290
Event: 2.726 Thread 0x0000029ebc459880 flushing nmethod 0x0000029e9d1a8d90
Event: 2.726 Thread 0x0000029ebc459880 flushing nmethod 0x0000029e9d1dcb90
Event: 2.726 Thread 0x0000029ebc459880 flushing nmethod 0x0000029e9d1eea90
Event: 2.726 Thread 0x0000029ebc459880 flushing nmethod 0x0000029e9d1f6490
Event: 2.726 Thread 0x0000029ebc459880 flushing nmethod 0x0000029e9d1f9710
Event: 2.726 Thread 0x0000029ebc459880 flushing nmethod 0x0000029e9d22be10
Event: 3.059 Thread 0x0000029ebd2fbed0 Thread added: 0x0000029ebd2fbed0
Event: 3.061 Thread 0x0000029ebd163f50 Thread added: 0x0000029ebd163f50
Event: 3.075 Thread 0x0000029ebcf5a350 Thread added: 0x0000029ebcf5a350
Event: 3.095 Thread 0x0000029ebc5bb040 Thread added: 0x0000029ebc5bb040
Event: 3.741 Thread 0x0000029ebcfcd810 Thread added: 0x0000029ebcfcd810
Event: 3.852 Thread 0x0000029ec1af57e0 Thread added: 0x0000029ec1af57e0
Event: 4.522 Thread 0x0000029ebc459880 flushing nmethod 0x0000029e9cdb6e10


Dynamic libraries:
0x00007ff657f80000 - 0x00007ff657f8e000 	C:\sws\openjdk-19+36_windows-x64_bin\jdk-19\bin\javaw.exe
0x00007ffd76320000 - 0x00007ffd76529000 	C:\Windows\SYSTEM32\ntdll.dll
0x00007ffd75130000 - 0x00007ffd751ee000 	C:\Windows\System32\KERNEL32.DLL
0x00007ffd73b90000 - 0x00007ffd73f0b000 	C:\Windows\System32\KERNELBASE.dll
0x00007ffd73a70000 - 0x00007ffd73b81000 	C:\Windows\System32\ucrtbase.dll
0x00007ffd51a00000 - 0x00007ffd51a17000 	C:\sws\openjdk-19+36_windows-x64_bin\jdk-19\bin\jli.dll
0x00007ffd76130000 - 0x00007ffd762dd000 	C:\Windows\System32\USER32.dll
0x00007ffd73f10000 - 0x00007ffd73f36000 	C:\Windows\System32\win32u.dll
0x00007ffd74400000 - 0x00007ffd74429000 	C:\Windows\System32\GDI32.dll
0x00007ffd74000000 - 0x00007ffd74118000 	C:\Windows\System32\gdi32full.dll
0x00007ffd73860000 - 0x00007ffd738fd000 	C:\Windows\System32\msvcp_win.dll
0x00007ffd4d690000 - 0x00007ffd4d6ab000 	C:\sws\openjdk-19+36_windows-x64_bin\jdk-19\bin\VCRUNTIME140.dll
0x00007ffd48d00000 - 0x00007ffd48fa5000 	C:\Windows\WinSxS\amd64_microsoft.windows.common-controls_6595b64144ccf1df_6.0.22000.120_none_9d947278b86cc467\COMCTL32.dll
0x00007ffd74f50000 - 0x00007ffd74ff3000 	C:\Windows\System32\msvcrt.dll
0x00007ffd74bf0000 - 0x00007ffd74c22000 	C:\Windows\System32\IMM32.DLL
0x00007ffd51c20000 - 0x00007ffd51c2c000 	C:\sws\openjdk-19+36_windows-x64_bin\jdk-19\bin\vcruntime140_1.dll
0x00007ffd43b90000 - 0x00007ffd43c1e000 	C:\sws\openjdk-19+36_windows-x64_bin\jdk-19\bin\msvcp140.dll
0x00007ffcd1770000 - 0x00007ffcd2430000 	C:\sws\openjdk-19+36_windows-x64_bin\jdk-19\bin\server\jvm.dll
0x00007ffd75080000 - 0x00007ffd7512e000 	C:\Windows\System32\ADVAPI32.dll
0x00007ffd74360000 - 0x00007ffd743fe000 	C:\Windows\System32\sechost.dll
0x00007ffd75760000 - 0x00007ffd75880000 	C:\Windows\System32\RPCRT4.dll
0x00007ffd68440000 - 0x00007ffd68473000 	C:\Windows\SYSTEM32\WINMM.dll
0x00007ffd57a60000 - 0x00007ffd57a69000 	C:\Windows\SYSTEM32\WSOCK32.dll
0x00007ffd63a10000 - 0x00007ffd63a1a000 	C:\Windows\SYSTEM32\VERSION.dll
0x00007ffd75410000 - 0x00007ffd7547f000 	C:\Windows\System32\WS2_32.dll
0x00007ffd72870000 - 0x00007ffd72888000 	C:\Windows\SYSTEM32\kernel.appcore.dll
0x00007ffd6c430000 - 0x00007ffd6c43a000 	C:\sws\openjdk-19+36_windows-x64_bin\jdk-19\bin\jimage.dll
0x00007ffd70ba0000 - 0x00007ffd70dc1000 	C:\Windows\SYSTEM32\DBGHELP.DLL
0x00007ffd548d0000 - 0x00007ffd54901000 	C:\Windows\SYSTEM32\dbgcore.DLL
0x00007ffd74120000 - 0x00007ffd7419f000 	C:\Windows\System32\bcryptPrimitives.dll
0x00007ffd22aa0000 - 0x00007ffd22adc000 	C:\sws\openjdk-19+36_windows-x64_bin\jdk-19\bin\jdwp.dll
0x00007ffd6c420000 - 0x00007ffd6c42e000 	C:\sws\openjdk-19+36_windows-x64_bin\jdk-19\bin\instrument.dll
0x00007ffd6c3d0000 - 0x00007ffd6c3f6000 	C:\sws\openjdk-19+36_windows-x64_bin\jdk-19\bin\java.dll
0x00007ffd43280000 - 0x00007ffd43357000 	C:\sws\openjdk-19+36_windows-x64_bin\jdk-19\bin\jsvml.dll
0x00007ffd74430000 - 0x00007ffd74be8000 	C:\Windows\System32\SHELL32.dll
0x00007ffd718e0000 - 0x00007ffd72145000 	C:\Windows\SYSTEM32\windows.storage.dll
0x00007ffd75940000 - 0x00007ffd75cb8000 	C:\Windows\System32\combase.dll
0x00007ffd71770000 - 0x00007ffd718d6000 	C:\Windows\SYSTEM32\wintypes.dll
0x00007ffd75670000 - 0x00007ffd7575a000 	C:\Windows\System32\SHCORE.dll
0x00007ffd74e60000 - 0x00007ffd74ebd000 	C:\Windows\System32\shlwapi.dll
0x00007ffd73720000 - 0x00007ffd73741000 	C:\Windows\SYSTEM32\profapi.dll
0x00007ffd6ace0000 - 0x00007ffd6acec000 	C:\sws\openjdk-19+36_windows-x64_bin\jdk-19\bin\dt_socket.dll
0x00007ffd723a0000 - 0x00007ffd723cd000 	C:\Windows\SYSTEM32\IPHLPAPI.DLL
0x00007ffd72d10000 - 0x00007ffd72d77000 	C:\Windows\system32\mswsock.dll
0x00007ffd723d0000 - 0x00007ffd724b8000 	C:\Windows\SYSTEM32\DNSAPI.dll
0x00007ffd75400000 - 0x00007ffd75409000 	C:\Windows\System32\NSI.dll
0x00007ffd674d0000 - 0x00007ffd674da000 	C:\Windows\System32\rasadhlp.dll
0x00007ffd65c70000 - 0x00007ffd65cf1000 	C:\Windows\System32\fwpuclnt.dll
0x00007ffd4dc50000 - 0x00007ffd4dc68000 	C:\sws\openjdk-19+36_windows-x64_bin\jdk-19\bin\zip.dll
0x00007ffd4dbd0000 - 0x00007ffd4dbe3000 	C:\sws\openjdk-19+36_windows-x64_bin\jdk-19\bin\net.dll
0x00007ffd6a540000 - 0x00007ffd6a654000 	C:\Windows\SYSTEM32\WINHTTP.dll
0x00007ffd4dbb0000 - 0x00007ffd4dbc6000 	C:\sws\openjdk-19+36_windows-x64_bin\jdk-19\bin\nio.dll
0x00007ffd6c3a0000 - 0x00007ffd6c3b0000 	C:\sws\openjdk-19+36_windows-x64_bin\jdk-19\bin\verify.dll
0x00007ffd69440000 - 0x00007ffd6944a000 	C:\sws\openjdk-19+36_windows-x64_bin\jdk-19\bin\management.dll
0x00007ffd51a50000 - 0x00007ffd51a5b000 	C:\sws\openjdk-19+36_windows-x64_bin\jdk-19\bin\management_ext.dll
0x00007ffd74ec0000 - 0x00007ffd74ec8000 	C:\Windows\System32\PSAPI.DLL
0x00007ffd72fc0000 - 0x00007ffd72fd8000 	C:\Windows\SYSTEM32\CRYPTSP.dll
0x00007ffd727d0000 - 0x00007ffd72805000 	C:\Windows\system32\rsaenh.dll
0x00007ffd72e00000 - 0x00007ffd72e29000 	C:\Windows\SYSTEM32\USERENV.dll
0x00007ffd73150000 - 0x00007ffd73177000 	C:\Windows\SYSTEM32\bcrypt.dll
0x00007ffd72fe0000 - 0x00007ffd72fec000 	C:\Windows\SYSTEM32\CRYPTBASE.dll
0x00007ffd68790000 - 0x00007ffd687a9000 	C:\Windows\SYSTEM32\dhcpcsvc6.DLL
0x00007ffd69a20000 - 0x00007ffd69a3e000 	C:\Windows\SYSTEM32\dhcpcsvc.DLL
0x00007ffd52980000 - 0x00007ffd5298e000 	C:\sws\openjdk-19+36_windows-x64_bin\jdk-19\bin\sunmscapi.dll
0x00007ffd73900000 - 0x00007ffd73a62000 	C:\Windows\System32\CRYPT32.dll
0x00007ffd73120000 - 0x00007ffd73148000 	C:\Windows\SYSTEM32\ncrypt.dll
0x00007ffd730e0000 - 0x00007ffd73117000 	C:\Windows\SYSTEM32\NTASN1.dll
0x00007ffd4dba0000 - 0x00007ffd4dba8000 	C:\sws\openjdk-19+36_windows-x64_bin\jdk-19\bin\extnet.dll

dbghelp: loaded successfully - version: 4.0.5 - missing functions: none
symbol engine: initialized successfully - sym options: 0x614 - pdb path: .;C:\sws\openjdk-19+36_windows-x64_bin\jdk-19\bin;C:\Windows\SYSTEM32;C:\Windows\WinSxS\amd64_microsoft.windows.common-controls_6595b64144ccf1df_6.0.22000.120_none_9d947278b86cc467;C:\sws\openjdk-19+36_windows-x64_bin\jdk-19\bin\server

VM Arguments:
jvm_args: -XX:+ShowCodeDetailsInExceptionMessages -agentlib:jdwp=transport=dt_socket,suspend=y,address=localhost:65097 -javaagent:C:\Users\Sathar\eclipse\configuration\org.eclipse.osgi\421\0\.cp\lib\javaagent-shaded.jar -Dfile.encoding=UTF-8 
java_command: com.spring.rest.jpa.Springproj1exampleApplication
java_class_path (initial): C:\javaprograms\springproj1example\target\classes;C:\Users\Sathar\.m2\repository\org\springframework\boot\spring-boot-starter-actuator\3.0.0\spring-boot-starter-actuator-3.0.0.jar;C:\Users\Sathar\.m2\repository\org\springframework\boot\spring-boot-starter\3.0.0\spring-boot-starter-3.0.0.jar;C:\Users\Sathar\.m2\repository\org\springframework\boot\spring-boot-starter-logging\3.0.0\spring-boot-starter-logging-3.0.0.jar;C:\Users\Sathar\.m2\repository\ch\qos\logback\logback-classic\1.4.5\logback-classic-1.4.5.jar;C:\Users\Sathar\.m2\repository\ch\qos\logback\logback-core\1.4.5\logback-core-1.4.5.jar;C:\Users\Sathar\.m2\repository\org\apache\logging\log4j\log4j-to-slf4j\2.19.0\log4j-to-slf4j-2.19.0.jar;C:\Users\Sathar\.m2\repository\org\apache\logging\log4j\log4j-api\2.19.0\log4j-api-2.19.0.jar;C:\Users\Sathar\.m2\repository\org\slf4j\jul-to-slf4j\2.0.4\jul-to-slf4j-2.0.4.jar;C:\Users\Sathar\.m2\repository\jakarta\annotation\jakarta.annotation-api\2.1.1\jakarta.annotation-api-2.1.1.jar;C:\Users\Sathar\.m2\repository\org\yaml\snakeyaml\1.33\snakeyaml-1.33.jar;C:\Users\Sathar\.m2\repository\org\springframework\boot\spring-boot-actuator-autoconfigure\3.0.0\spring-boot-actuator-autoconfigure-3.0.0.jar;C:\Users\Sathar\.m2\repository\org\springframework\boot\spring-boot-actuator\3.0.0\spring-boot-actuator-3.0.0.jar;C:\Users\Sathar\.m2\repository\com\fasterxml\jackson\core\jackson-databind\2.14.1\jackson-databind-2.14.1.jar;C:\Users\Sathar\.m2\repository\com\fasterxml\jackson\core\jackson-annotations\2.14.1\jackson-annotations-2.14.1.jar;C:\Users\Sathar\.m2\repository\com\fasterxml\jackson\core\jackson-core\2.14.1\jackson-core-2.14.1.jar;C:\Users\Sathar\.m2\repository\com\fasterxml\jackson\datatype\jackson-datatype-jsr310\2.14.1\jackson-datatype-jsr310-2.14.1.jar;C:\Users\Sathar\.m2\repository\io\micrometer\micrometer-observation\1.10.2\micrometer-observation-1.10.2.jar;C:\Users\Sathar\.m2\repository\io\micrometer\micrometer-commons\1.10.2\micrometer-commons-1.10.2.jar;C:\Users\Sathar\.m2\repository\io\micrometer\micrometer-core\1.10.2\micrometer-core-1.10.2.jar;C:\Users\Sathar\.m2\repository\org\hdrhistogram\HdrHistogram\2.1.12\HdrHistogram-2.1.12.jar;C:\Users\Sathar\.m2\repository\org\latencyutils\LatencyUtils\2.0.3\LatencyUtils-2.0.3.jar;C:\Users\Sathar\.m2\repository\org\springframework\boot\spring-boot-starter-data-jpa\3.0.0\spring-boot-starter-data-jpa-3.0.0.jar;C:\Users\Sathar\.m2\repository\org\springframework\boot\spring-boot-starter-aop\3.0.0\spring-boot-starter-aop-3.0.0.jar;C:\Users\Sathar\.m2\repository\org\springframework\spring-aop\6.0.2\spring-aop-6.0.2.jar;C:\Users\Sathar\.m2\repository\org\aspectj\aspectjweaver\1.9.9.1\aspectjweaver-1.9.9.1.jar;C:\Users\Sathar\.m2\repository\org\springframework\boot\spring-boot-starter-jdbc\3.0.0\spring-boot-starter-jdbc-3.0.0.jar;C:\Users\Sathar\.m2\repository\com\zaxxer\HikariCP\5.0.1\HikariCP-5.0.1.jar;C:\Users\Sathar\.m2\repository\org\springframework\spring-jdbc\6.0.2\spring-jdbc-6.0.2.jar;C:\Users\Sathar\.m2\repository\org\hibernate\orm\hibernate-core\6.1.5.Final\hibernate-core-6.1.5.Final.jar;C:\Users\Sathar\.m2\repository\jakarta\persistence\jakarta.persistence-api\3.1.0\jakarta.persistence-api-3.1.0.jar;C:\Users\Sathar\.m2\repository\jakarta\transaction\jakarta.transaction-api\2.0.1\jakarta.transaction-api-2.0.1.jar;C:\Users\Sathar\.m2\repository\org\jboss\logging\jboss-logging\3.5.0.Final\jboss-logging-3.5.0.Final.jar;C:\Users\Sathar\.m2\repository\org\hibernate\common\hibernate-commons-annotations\6.0.2.Final\hibernate-commons-annotations-6.0.2.Final.jar;C:\Users\Sathar\.m2\repository\org\jboss\jandex\2.4.2.Final\jandex-2.4.2.Final.jar;C:\Users\Sathar\.m2\repository\com\fasterxml\classmate\1.5.1\classmate-1.5.1.jar;C:\Users\Sathar\.m2\repository\net\bytebuddy\byte-buddy\1.12.19\byte-buddy-1.12.19.jar;C:\Users\Sathar\.m2\repository\org\glassfish\jaxb\jaxb-runtime\4.0.1\jaxb-runtime-4.0.1.jar;C:\Users\Sathar\.m2\repository\org\glassfish\jaxb\jaxb-core\4.0.1\jaxb-core-4.0.1.jar;C:\Users\Sathar\.m2\repository\org\eclipse\angus\angus-activation\1.0.0\angus-activation-1.0.0.jar;C:\Users\Sathar\.m2\repository\org\glassfish\jaxb\txw2\4.0.1\txw2-4.0.1.jar;C:\Users\Sathar\.m2\repository\com\sun\istack\istack-commons-runtime\4.1.1\istack-commons-runtime-4.1.1.jar;C:\Users\Sathar\.m2\repository\jakarta\inject\jakarta.inject-api\2.0.0\jakarta.inject-api-2.0.0.jar;C:\Users\Sathar\.m2\repository\org\antlr\antlr4-runtime\4.10.1\antlr4-runtime-4.10.1.jar;C:\Users\Sathar\.m2\repository\org\springframework\data\spring-data-jpa\3.0.0\spring-data-jpa-3.0.0.jar;C:\Users\Sathar\.m2\repository\org\springframework\data\spring-data-commons\3.0.0\spring-data-commons-3.0.0.jar;C:\Users\Sathar\.m2\repository\org\springframework\spring-orm\6.0.2\spring-orm-6.0.2.jar;C:\Users\Sathar\.m2\repository\org\springframework\spring-context\6.0.2\spring-context-6.0.2.jar;C:\Users\Sathar\.m2\repository\org\springframework\spring-tx\6.0.2\spring-tx-6.0.2.jar;C:\Users\Sathar\.m2\repository\org\springframework\spring-beans\6.0.2\spring-beans-6.0.2.jar;C:\Users\Sathar\.m2\repository\org\slf4j\slf4j-api\2.0.4\slf4j-api-2.0.4.jar;C:\Users\Sathar\.m2\repository\org\springframework\spring-aspects\6.0.2\spring-aspects-6.0.2.jar;C:\Users\Sathar\.m2\repository\org\springframework\boot\spring-boot-starter-web\3.0.0\spring-boot-starter-web-3.0.0.jar;C:\Users\Sathar\.m2\repository\org\springframework\boot\spring-boot-starter-json\3.0.0\spring-boot-starter-json-3.0.0.jar;C:\Users\Sathar\.m2\repository\com\fasterxml\jackson\datatype\jackson-datatype-jdk8\2.14.1\jackson-datatype-jdk8-2.14.1.jar;C:\Users\Sathar\.m2\repository\com\fasterxml\jackson\module\jackson-module-parameter-names\2.14.1\jackson-module-parameter-names-2.14.1.jar;C:\Users\Sathar\.m2\repository\org\springframework\boot\spring-boot-starter-tomcat\3.0.0\spring-boot-starter-tomcat-3.0.0.jar;C:\Users\Sathar\.m2\repository\org\apache\tomcat\embed\tomcat-embed-core\10.1.1\tomcat-embed-core-10.1.1.jar;C:\Users\Sathar\.m2\repository\org\apache\tomcat\embed\tomcat-embed-el\10.1.1\tomcat-embed-el-10.1.1.jar;C:\Users\Sathar\.m2\repository\org\apache\tomcat\embed\tomcat-embed-websocket\10.1.1\tomcat-embed-websocket-10.1.1.jar;C:\Users\Sathar\.m2\repository\org\springframework\spring-web\6.0.2\spring-web-6.0.2.jar;C:\Users\Sathar\.m2\repository\org\springframework\spring-webmvc\6.0.2\spring-webmvc-6.0.2.jar;C:\Users\Sathar\.m2\repository\org\springframework\spring-expression\6.0.2\spring-expression-6.0.2.jar;C:\Users\Sathar\.m2\repository\org\springframework\boot\spring-boot-devtools\3.0.0\spring-boot-devtools-3.0.0.jar;C:\Users\Sathar\.m2\repository\org\springframework\boot\spring-boot\3.0.0\spring-boot-3.0.0.jar;C:\Users\Sathar\.m2\repository\org\springframework\boot\spring-boot-autoconfigure\3.0.0\spring-boot-autoconfigure-3.0.0.jar;C:\Users\Sathar\.m2\repository\com\mysql\mysql-connector-j\8.0.31\mysql-connector-j-8.0.31.jar;C:\Users\Sathar\.m2\repository\org\projectlombok\lombok\1.18.24\lombok-1.18.24.jar;C:\Users\Sathar\.m2\repository\jakarta\xml\bind\jakarta.xml.bind-api\4.0.0\jakarta.xml.bind-api-4.0.0.jar;C:\Users\Sathar\.m2\repository\jakarta\activation\jakarta.activation-api\2.1.0\jakarta.activation-api-2.1.0.jar;C:\Users\Sathar\.m2\repository\org\springframework\spring-core\6.0.2\spring-core-6.0.2.jar;C:\Users\Sathar\.m2\repository\org\springframework\spring-jcl\6.0.2\spring-jcl-6.0.2.jar
Launcher Type: SUN_STANDARD

[Global flags]
     intx CICompilerCount                          = 4                                         {product} {ergonomic}
     uint ConcGCThreads                            = 3                                         {product} {ergonomic}
     uint G1ConcRefinementThreads                  = 10                                        {product} {ergonomic}
   size_t G1HeapRegionSize                         = 2097152                                   {product} {ergonomic}
    uintx GCDrainStackTargetSize                   = 64                                        {product} {ergonomic}
   size_t InitialHeapSize                          = 264241152                                 {product} {ergonomic}
   size_t MarkStackSize                            = 4194304                                   {product} {ergonomic}
   size_t MaxHeapSize                              = 4223664128                                {product} {ergonomic}
   size_t MaxNewSize                               = 2533359616                                {product} {ergonomic}
   size_t MinHeapDeltaBytes                        = 2097152                                   {product} {ergonomic}
   size_t MinHeapSize                              = 8388608                                   {product} {ergonomic}
    uintx NonNMethodCodeHeapSize                   = 5839372                                {pd product} {ergonomic}
    uintx NonProfiledCodeHeapSize                  = 122909434                              {pd product} {ergonomic}
    uintx ProfiledCodeHeapSize                     = 122909434                              {pd product} {ergonomic}
    uintx ReservedCodeCacheSize                    = 251658240                              {pd product} {ergonomic}
     bool SegmentedCodeCache                       = true                                      {product} {ergonomic}
     bool ShowCodeDetailsInExceptionMessages       = true                                   {manageable} {command line}
   size_t SoftMaxHeapSize                          = 4223664128                             {manageable} {ergonomic}
     bool UseCompressedClassPointers               = true                           {product lp64_product} {ergonomic}
     bool UseCompressedOops                        = true                           {product lp64_product} {ergonomic}
     bool UseG1GC                                  = true                                      {product} {ergonomic}
     bool UseLargePagesIndividualAllocation        = false                                  {pd product} {ergonomic}

Logging:
Log output configuration:
 #0: stdout all=warning uptime,level,tags foldmultilines=false
 #1: stderr all=off uptime,level,tags foldmultilines=false

Environment Variables:
PATH=C:/sws/openjdk-19+36_windows-x64_bin/jdk-19/bin/server;C:/sws/openjdk-19+36_windows-x64_bin/jdk-19/bin;C:\app\Sathar\product\21c\dbhomeXE\bin;C:\Windows\system32;C:\Windows;C:\Windows\System32\Wbem;C:\Windows\System32\WindowsPowerShell\v1.0\;C:\Windows\System32\OpenSSH\;C:\Program Files\MySQL\MySQL Shell 8.0\bin\;C:\Users\Sathar\AppData\Local\Microsoft\WindowsApps;;C:\Users\Sathar\eclipse;
USERNAME=Sathar
OS=Windows_NT
PROCESSOR_IDENTIFIER=Intel64 Family 6 Model 154 Stepping 4, GenuineIntel
TMP=C:\Users\Sathar\AppData\Local\Temp
TEMP=C:\Users\Sathar\AppData\Local\Temp



---------------  S Y S T E M  ---------------

OS:
 Windows 11 , 64 bit Build 22000 (10.0.22000.1219)
OS uptime: 0 days 9:25 hours

CPU: total 12 (initial active 12) (6 cores per cpu, 2 threads per core) family 6 model 154 stepping 4 microcode 0x41f, cx8, cmov, fxsr, ht, mmx, 3dnowpref, sse, sse2, sse3, ssse3, sse4.1, sse4.2, popcnt, lzcnt, tsc, tscinvbit, avx, avx2, aes, erms, clmul, bmi1, bmi2, adx, sha, fma, vzeroupper, clflush, clflushopt, clwb, serialize, rdtscp, rdpid, fsrm

Memory: 4k page, system-wide physical 16108M (4900M free)
TotalPageFile size 33516M (AvailPageFile size 16357M)
current process WorkingSet (physical memory assigned to process): 215M, peak: 362M
current process commit charge ("private bytes"): 257M, peak: 445M

vm_info: OpenJDK 64-Bit Server VM (19+36-2238) for windows-amd64 JRE (19+36-2238), built on 2022-08-12T20:29:01Z by "mach5one" with MS VC++ 17.1 (VS2022)

END.
